<?xml version="1.0" encoding="UTF-8"?>
<!-- Generated by org.testng.reporters.JUnitReportReporter -->
<testsuite hostname="Sathish" failures="0" tests="1" name="practice.HomePage" time="14.521" errors="0" timestamp="03 Aug 2022 14:11:29 GMT" skipped="0">
  <testcase classname="practice.HomePage" name="navigation" time="14.521"/>
</testsuite> <!-- practice.HomePage -->
