<?xml version="1.0" encoding="UTF-8"?>
<!-- Generated by org.testng.reporters.JUnitReportReporter -->
<testsuite hostname="Sathish" failures="0" tests="1" name="resources.HomePage" time="56.632" errors="0" timestamp="31 Jul 2022 09:44:41 GMT" skipped="0">
  <testcase classname="resources.HomePage" name="navigation" time="56.632"/>
</testsuite> <!-- resources.HomePage -->
